[24May2025 00:04:36.345] [Server thread/INFO] [net.minecraft.server.MinecraftServer/]: YOUNGDINO07 went up in flames
[24May2025 00:05:36.596] [Server thread/INFO] [net.minecraft.server.MinecraftServer/]: <YOUNGDINO07> w
[24May2025 00:11:13.049] [Server thread/INFO] [net.minecraft.server.MinecraftServer/]: YOUNGDINO07 has made the advancement [Tools of the Trade]
[24May2025 00:13:41.738] [Server thread/INFO] [net.minecraft.server.MinecraftServer/]: YOUNGDINO07 has made the advancement [Mine? Mine? Mine?]
[24May2025 00:14:09.234] [Netty Epoll Server IO #4/WARN] [com.connectivity.Connectivity/]: Packet:ServerboundAcceptTeleportationPacket  id 0 larger than expected error detected, printing packet and buffer. Stacktrace gets logged after this
[24May2025 00:14:09.235] [Netty Epoll Server IO #4/WARN] [com.connectivity.Connectivity/]: Packet data:
{
  "f_133785_": 95
}
[24May2025 00:14:09.235] [Netty Epoll Server IO #4/WARN] [com.connectivity.Connectivity/]: Packet:PooledUnsafeDirectByteBuf  id 0 data of 48 extra bytes: 
[24May2025 00:14:09.236] [Netty Epoll Server IO #4/WARN] [com.connectivity.Connectivity/]: Packet data:
[
  "WF9zyP'FuVu304i' 4W"
]
[24May2025 00:14:14.492] [Server thread/INFO] [net.minecraft.server.MinecraftServer/]: YOUNGDINO07 has made the advancement [Into Fire]
[24May2025 00:14:23.043] [Server thread/INFO] [net.minecraft.server.MinecraftServer/]: YOUNGDINO07 has made the advancement [Dark Metallurgy]
[24May2025 00:15:35.469] [Netty Epoll Server IO #5/WARN] [com.connectivity.Connectivity/]: Packet:ServerboundAcceptTeleportationPacket  id 0 larger than expected error detected, printing packet and buffer. Stacktrace gets logged after this
[24May2025 00:15:35.469] [Netty Epoll Server IO #5/WARN] [com.connectivity.Connectivity/]: Packet data:
{
  "f_133785_": -1717715744
}
[24May2025 00:15:35.469] [Netty Epoll Server IO #5/WARN] [com.connectivity.Connectivity/]: Packet:PooledUnsafeDirectByteBuf  id 0 data of 44 extra bytes: 
[24May2025 00:15:35.470] [Netty Epoll Server IO #5/WARN] [com.connectivity.Connectivity/]: Packet data:
[
  "3YO:1$?-W3041k3SQ6"
]
[24May2025 00:16:29.919] [Server thread/WARN] [com.lion.graveyard.blockentities.GravestoneBlockEntity/]: Player YOUNGDINO07 just tried to change non-editable sign
[24May2025 00:16:35.252] [Server thread/INFO] [net.minecraft.server.players.PlayerList/]: lobo3224[/127.239.12.135:39553] logged in with entity id 5889 at (-282.30000001192093, 6.0, 1130.4827258650694)
[24May2025 00:16:35.274] [Server thread/INFO] [net.minecraft.server.MinecraftServer/]: lobo3224 joined the game
[24May2025 00:16:35.297] [Server thread/INFO] [Jade/]: Syncing config to lobo3224 (b7e5eca9-5a00-3da7-ac51-8f51ef42decc)
[24May2025 00:16:39.205] [Server thread/INFO] [voicechat/]: [voicechat] Received secret request of lobo3224 (18)
[24May2025 00:16:39.205] [Server thread/INFO] [voicechat/]: [voicechat] Sent secret to lobo3224
[24May2025 00:16:51.401] [Server thread/INFO] [net.minecraft.server.MinecraftServer/]: <YOUNGDINO07> q onda perri
[24May2025 00:17:03.743] [VoiceChatPacketProcessingThread/INFO] [voicechat/]: [voicechat] Successfully authenticated player b7e5eca9-5a00-3da7-ac51-8f51ef42decc
[24May2025 00:17:04.795] [VoiceChatPacketProcessingThread/INFO] [voicechat/]: [voicechat] Successfully validated connection of player b7e5eca9-5a00-3da7-ac51-8f51ef42decc
[24May2025 00:17:04.795] [VoiceChatPacketProcessingThread/INFO] [voicechat/]: [voicechat] Player lobo3224 (b7e5eca9-5a00-3da7-ac51-8f51ef42decc) successfully connected to voice chat
[24May2025 00:17:17.987] [Server thread/INFO] [net.minecraft.server.players.PlayerList/]: Santix15[/127.239.12.135:33445] logged in with entity id 6638 at (-275.1019779663019, 76.0, 1079.2175324560594)
[24May2025 00:17:18.003] [Server thread/INFO] [net.minecraft.server.MinecraftServer/]: Santix15 joined the game
[24May2025 00:17:18.117] [Server thread/INFO] [Jade/]: Syncing config to Santix15 (1f8cbd0f-e34f-3631-ad78-ab523f2938ae)
[24May2025 00:17:21.599] [Server thread/INFO] [voicechat/]: [voicechat] Received secret request of Santix15 (18)
[24May2025 00:17:21.599] [Server thread/INFO] [voicechat/]: [voicechat] Sent secret to Santix15
[24May2025 00:17:41.254] [VoiceChatPacketProcessingThread/INFO] [voicechat/]: [voicechat] Successfully authenticated player 1f8cbd0f-e34f-3631-ad78-ab523f2938ae
[24May2025 00:17:42.258] [VoiceChatPacketProcessingThread/INFO] [voicechat/]: [voicechat] Successfully validated connection of player 1f8cbd0f-e34f-3631-ad78-ab523f2938ae
[24May2025 00:17:42.258] [VoiceChatPacketProcessingThread/INFO] [voicechat/]: [voicechat] Player Santix15 (1f8cbd0f-e34f-3631-ad78-ab523f2938ae) successfully connected to voice chat
[24May2025 00:18:25.966] [Server thread/INFO] [net.minecraft.server.MinecraftServer/]: <lobo3224> hola
[24May2025 00:18:43.911] [Server thread/INFO] [net.minecraft.server.MinecraftServer/]: <Santix15> buenaaaaas
[24May2025 00:20:38.303] [Server thread/WARN] [net.minecraft.world.level.storage.loot.functions.SetItemDamageFunction/]: Couldn't set damage of loot item 1 lantern
[24May2025 00:20:55.775] [Netty Epoll Server IO #3/WARN] [com.connectivity.Connectivity/]: Packet:ServerboundAcceptTeleportationPacket  id 0 larger than expected error detected, printing packet and buffer. Stacktrace gets logged after this
[24May2025 00:20:55.776] [Netty Epoll Server IO #3/WARN] [com.connectivity.Connectivity/]: Packet data:
{
  "f_133785_": 6
}
[24May2025 00:20:55.776] [Netty Epoll Server IO #3/WARN] [com.connectivity.Connectivity/]: Packet:PooledUnsafeDirectByteBuf  id 0 data of 48 extra bytes: 
[24May2025 00:20:55.776] [Netty Epoll Server IO #3/WARN] [com.connectivity.Connectivity/]: Packet data:
[
  "+P-{o2fMI,Pq304C!S"
]
[24May2025 00:22:51.931] [Server thread/WARN] [net.minecraft.network.syncher.SynchedEntityData/]: defineId called for: class com.cerbon.bosses_of_mass_destruction.entity.util.BaseEntity from class com.cerbon.bosses_of_mass_destruction.entity.custom.void_blossom.hitbox.NetworkedHitboxManager
[24May2025 00:25:44.100] [Server thread/WARN] [net.minecraft.world.level.storage.loot.functions.SetItemDamageFunction/]: Couldn't set damage of loot item 0 air
[24May2025 00:25:53.850] [Netty Epoll Server IO #4/WARN] [com.connectivity.Connectivity/]: Packet:ServerboundAcceptTeleportationPacket  id 0 larger than expected error detected, printing packet and buffer. Stacktrace gets logged after this
[24May2025 00:25:53.851] [Netty Epoll Server IO #4/WARN] [com.connectivity.Connectivity/]: Packet data:
{
  "f_133785_": 52
}
[24May2025 00:25:53.851] [Netty Epoll Server IO #4/WARN] [com.connectivity.Connectivity/]: Packet:PooledUnsafeDirectByteBuf  id 0 data of 48 extra bytes: 
[24May2025 00:25:53.851] [Netty Epoll Server IO #4/WARN] [com.connectivity.Connectivity/]: Packet data:
[
  "-nP#kpX&bqR0T512*p*"
]
[24May2025 00:27:33.121] [Netty Epoll Server IO #5/WARN] [com.connectivity.Connectivity/]: Packet:ServerboundAcceptTeleportationPacket  id 0 larger than expected error detected, printing packet and buffer. Stacktrace gets logged after this
[24May2025 00:27:33.121] [Netty Epoll Server IO #5/WARN] [com.connectivity.Connectivity/]: Packet data:
{
  "f_133785_": 9
}
[24May2025 00:27:33.121] [Netty Epoll Server IO #5/WARN] [com.connectivity.Connectivity/]: Packet:PooledUnsafeDirectByteBuf  id 0 data of 48 extra bytes: 
[24May2025 00:27:33.122] [Netty Epoll Server IO #5/WARN] [com.connectivity.Connectivity/]: Packet data:
[
  "|v&^m2#^$Y9304oBJ"
]
[24May2025 00:27:47.723] [Netty Epoll Server IO #6/WARN] [com.connectivity.Connectivity/]: Packet:ServerboundAcceptTeleportationPacket  id 0 larger than expected error detected, printing packet and buffer. Stacktrace gets logged after this
[24May2025 00:27:47.723] [Netty Epoll Server IO #6/WARN] [com.connectivity.Connectivity/]: Packet data:
{
  "f_133785_": 15007
}
[24May2025 00:27:47.724] [Netty Epoll Server IO #6/WARN] [com.connectivity.Connectivity/]: Packet:PooledUnsafeDirectByteBuf  id 0 data of 47 extra bytes: 
[24May2025 00:27:47.724] [Netty Epoll Server IO #6/WARN] [com.connectivity.Connectivity/]: Packet data:
[
  "D1+m4/:{9ZI+304AW;"
]
[24May2025 00:28:33.265] [Server thread/INFO] [net.minecraft.server.MinecraftServer/]: YOUNGDINO07 has made the advancement [Diamonds!]
[24May2025 00:28:38.655] [Server thread/INFO] [net.minecraft.server.MinecraftServer/]: <lobo3224> uf
[24May2025 00:28:53.202] [Server thread/INFO] [net.minecraft.server.MinecraftServer/]: <YOUNGDINO07> por fin wacho
[24May2025 00:29:12.122] [Server thread/INFO] [net.minecraft.server.MinecraftServer/]: <YOUNGDINO07> viste maxi
[24May2025 00:29:14.650] [Server thread/INFO] [net.minecraft.server.MinecraftServer/]: <YOUNGDINO07> .
[24May2025 00:29:21.275] [Server thread/INFO] [net.minecraft.server.MinecraftServer/]: <lobo3224> que
[24May2025 00:30:43.649] [Server thread/INFO] [net.minecraft.server.MinecraftServer/]: <YOUNGDINO07> dnd estan
[24May2025 00:30:53.107] [Server thread/INFO] [net.minecraft.server.MinecraftServer/]: <lobo3224> por
[24May2025 00:38:17.875] [Netty Epoll Server IO #7/WARN] [com.connectivity.Connectivity/]: Packet:ServerboundAcceptTeleportationPacket  id 0 larger than expected error detected, printing packet and buffer. Stacktrace gets logged after this
[24May2025 00:38:17.876] [Netty Epoll Server IO #7/WARN] [com.connectivity.Connectivity/]: Packet data:
{
  "f_133785_": 19
}
[24May2025 00:38:17.876] [Netty Epoll Server IO #7/WARN] [com.connectivity.Connectivity/]: Packet:PooledUnsafeDirectByteBuf  id 0 data of 48 extra bytes: 
[24May2025 00:38:17.876] [Netty Epoll Server IO #7/WARN] [com.connectivity.Connectivity/]: Packet data:
[
  "U6d0%\\;[gYjG304Ji+x{"
]
[24May2025 00:38:55.237] [Server thread/INFO] [net.minecraft.world.entity.npc.Villager/]: Villager Villager['Unemployed'/17019, l='ServerLevel[world]', x=-271.14, y=-256.00, z=1079.45] died, message: 'Unemployed was killed'
[24May2025 00:39:48.235] [Server thread/INFO] [net.minecraft.world.entity.npc.Villager/]: Villager Villager['Unemployed'/17396, l='ServerLevel[world]', x=-271.14, y=-256.00, z=1079.45] died, message: 'Unemployed was killed'
[24May2025 00:40:54.828] [VoiceChatPacketProcessingThread/INFO] [voicechat/]: [voicechat] Player 1f8cbd0f-e34f-3631-ad78-ab523f2938ae timed out
[24May2025 00:40:54.828] [VoiceChatPacketProcessingThread/INFO] [voicechat/]: [voicechat] Reconnecting player Santix15
[24May2025 00:40:54.828] [VoiceChatPacketProcessingThread/INFO] [voicechat/]: [voicechat] Sent secret to Santix15
[24May2025 00:40:57.665] [VoiceChatPacketProcessingThread/INFO] [voicechat/]: [voicechat] Successfully authenticated player 1f8cbd0f-e34f-3631-ad78-ab523f2938ae
[24May2025 00:40:58.665] [VoiceChatPacketProcessingThread/INFO] [voicechat/]: [voicechat] Successfully validated connection of player 1f8cbd0f-e34f-3631-ad78-ab523f2938ae
[24May2025 00:40:58.665] [VoiceChatPacketProcessingThread/INFO] [voicechat/]: [voicechat] Player Santix15 (1f8cbd0f-e34f-3631-ad78-ab523f2938ae) successfully connected to voice chat
[24May2025 00:43:31.152] [Server thread/WARN] [net.minecraft.world.level.storage.loot.functions.SetItemDamageFunction/]: Couldn't set damage of loot item 0 air
[24May2025 00:45:09.700] [Server thread/INFO] [net.minecraft.server.MinecraftServer/]: YOUNGDINO07 was slain by Beast Patient
[24May2025 00:51:42.954] [Server thread/INFO] [net.minecraft.server.MinecraftServer/]: YOUNGDINO07 withered away
[24May2025 00:51:57.456] [Server thread/INFO] [net.minecraft.server.MinecraftServer/]: <lobo3224> te descompusiste
[24May2025 00:55:25.333] [Server thread/INFO] [net.minecraft.server.MinecraftServer/]: YOUNGDINO07 fell from a high place
[24May2025 00:55:36.648] [Server thread/WARN] [net.minecraft.world.level.storage.loot.functions.SetItemDamageFunction/]: Couldn't set damage of loot item 0 air
[24May2025 00:55:52.057] [VoiceChatPacketProcessingThread/INFO] [voicechat/]: [voicechat] Player ed45ce55-0981-3ac0-876f-3677ed698d8a timed out
[24May2025 00:55:52.057] [VoiceChatPacketProcessingThread/INFO] [voicechat/]: [voicechat] Reconnecting player YOUNGDINO07
[24May2025 00:55:52.057] [VoiceChatPacketProcessingThread/INFO] [voicechat/]: [voicechat] Sent secret to YOUNGDINO07
[24May2025 00:56:33.496] [Server thread/INFO] [net.minecraft.server.network.ServerGamePacketListenerImpl/]: YOUNGDINO07 lost connection: Disconnected
[24May2025 00:56:33.497] [Server thread/INFO] [net.minecraft.server.MinecraftServer/]: YOUNGDINO07 left the game
[24May2025 00:56:33.498] [Server thread/INFO] [net.minecraft.server.MinecraftServer/]: YOUNGDINO07 was slain by Umvuthana
[24May2025 00:56:33.501] [Server thread/INFO] [voicechat/]: [voicechat] Disconnecting client YOUNGDINO07
[24May2025 00:56:33.583] [Server thread/WARN] [net.minecraft.network.Connection/]: handleDisconnection() called twice
[24May2025 00:58:15.267] [Server thread/INFO] [net.minecraft.server.players.PlayerList/]: kevedo909[/127.5.252.102:52427] logged in with entity id 25398 at (210.33327492140597, 57.0, 527.6923183900557)
[24May2025 00:58:15.281] [Server thread/INFO] [net.minecraft.server.MinecraftServer/]: kevedo909 joined the game
[24May2025 00:58:15.293] [Server thread/INFO] [Jade/]: Syncing config to kevedo909 (380318f8-90c8-30a1-b2c2-428693a3e9ab)
[24May2025 00:58:20.636] [Netty Epoll Server IO #3/WARN] [com.connectivity.Connectivity/]: Packet:ServerboundAcceptTeleportationPacket  id 0 larger than expected error detected, printing packet and buffer. Stacktrace gets logged after this
[24May2025 00:58:20.637] [Netty Epoll Server IO #3/WARN] [com.connectivity.Connectivity/]: Packet data:
{
  "f_133785_": 52
}
[24May2025 00:58:20.637] [Netty Epoll Server IO #3/WARN] [com.connectivity.Connectivity/]: Packet:PooledUnsafeDirectByteBuf  id 0 data of 48 extra bytes: 
[24May2025 00:58:20.637] [Netty Epoll Server IO #3/WARN] [com.connectivity.Connectivity/]: Packet data:
[
  "-nP#kpX&bqR0T512*p*"
]
[24May2025 00:58:25.650] [Server thread/INFO] [voicechat/]: [voicechat] Received secret request of kevedo909 (18)
[24May2025 00:58:25.651] [Server thread/INFO] [voicechat/]: [voicechat] Sent secret to kevedo909
[24May2025 00:58:48.713] [VoiceChatPacketProcessingThread/INFO] [voicechat/]: [voicechat] Successfully authenticated player 380318f8-90c8-30a1-b2c2-428693a3e9ab
[24May2025 00:58:49.654] [VoiceChatPacketProcessingThread/INFO] [voicechat/]: [voicechat] Successfully validated connection of player 380318f8-90c8-30a1-b2c2-428693a3e9ab
[24May2025 00:58:49.655] [VoiceChatPacketProcessingThread/INFO] [voicechat/]: [voicechat] Player kevedo909 (380318f8-90c8-30a1-b2c2-428693a3e9ab) successfully connected to voice chat
[24May2025 01:00:39.118] [Netty Epoll Server IO #4/WARN] [com.connectivity.Connectivity/]: Packet:ServerboundAcceptTeleportationPacket  id 0 larger than expected error detected, printing packet and buffer. Stacktrace gets logged after this
[24May2025 01:00:39.118] [Netty Epoll Server IO #4/WARN] [com.connectivity.Connectivity/]: Packet data:
{
  "f_133785_": 19
}
[24May2025 01:00:39.119] [Netty Epoll Server IO #4/WARN] [com.connectivity.Connectivity/]: Packet:PooledUnsafeDirectByteBuf  id 0 data of 48 extra bytes: 
[24May2025 01:00:39.119] [Netty Epoll Server IO #4/WARN] [com.connectivity.Connectivity/]: Packet data:
[
  "\\4l1:UW!9Jus6h<304L75\"\\"
]
[24May2025 01:01:47.052] [Server thread/INFO] [net.minecraft.server.MinecraftServer/]: <lobo3224> olaaa
[24May2025 01:02:25.557] [Server thread/INFO] [net.minecraft.server.MinecraftServer/]: <Santix15> hola keviin
[24May2025 01:02:28.210] [Server thread/INFO] [net.minecraft.server.MinecraftServer/]: <kevedo909> hila
[24May2025 01:02:31.502] [Server thread/INFO] [net.minecraft.server.MinecraftServer/]: <kevedo909> hola
[24May2025 01:02:46.247] [Server thread/INFO] [net.minecraft.server.MinecraftServer/]: <kevedo909> gonza o santi
[24May2025 01:03:04.023] [Server thread/INFO] [net.minecraft.server.MinecraftServer/]: <kevedo909> conectense al chat si quieren ;(
[24May2025 01:06:57.421] [Server thread/INFO] [net.minecraft.server.players.PlayerList/]: YOUNGDINO07[/127.100.230.237:42627] logged in with entity id 28857 at (52.96102482041823, 120.0, 1214.5591855833027)
[24May2025 01:06:57.434] [Server thread/INFO] [net.minecraft.server.MinecraftServer/]: YOUNGDINO07 joined the game
[24May2025 01:06:57.441] [Server thread/INFO] [Jade/]: Syncing config to YOUNGDINO07 (ed45ce55-0981-3ac0-876f-3677ed698d8a)
[24May2025 01:06:58.723] [Server thread/INFO] [voicechat/]: [voicechat] Received secret request of YOUNGDINO07 (18)
[24May2025 01:06:58.723] [Server thread/INFO] [voicechat/]: [voicechat] Sent secret to YOUNGDINO07
[24May2025 01:07:04.932] [VoiceChatPacketProcessingThread/INFO] [voicechat/]: [voicechat] Successfully authenticated player ed45ce55-0981-3ac0-876f-3677ed698d8a
[24May2025 01:07:05.934] [VoiceChatPacketProcessingThread/INFO] [voicechat/]: [voicechat] Successfully validated connection of player ed45ce55-0981-3ac0-876f-3677ed698d8a
[24May2025 01:07:05.935] [VoiceChatPacketProcessingThread/INFO] [voicechat/]: [voicechat] Player YOUNGDINO07 (ed45ce55-0981-3ac0-876f-3677ed698d8a) successfully connected to voice chat
[24May2025 01:07:23.310] [Server thread/WARN] [net.minecraft.server.network.ServerGamePacketListenerImpl/]: Gyrodyne (vehicle of Santix15) moved too quickly! -2.454447441372565,0.27520148770219066,-9.714274630944601
[24May2025 01:07:23.310] [Server thread/WARN] [net.minecraft.server.network.ServerGamePacketListenerImpl/]: Gyrodyne (vehicle of Santix15) moved too quickly! -2.601806378412448,0.2796546915235325,-10.198450922290021
[24May2025 01:07:23.310] [Server thread/WARN] [net.minecraft.server.network.ServerGamePacketListenerImpl/]: Gyrodyne (vehicle of Santix15) moved too quickly! -2.7567242130905925,0.2836974844524036,-10.68044399881137
[24May2025 01:07:23.311] [Server thread/WARN] [net.minecraft.server.network.ServerGamePacketListenerImpl/]: Gyrodyne (vehicle of Santix15) moved too quickly! -2.920853904855278,0.28736651469407093,-11.159414635920257
[24May2025 01:07:23.632] [Server thread/WARN] [net.minecraft.server.network.ServerGamePacketListenerImpl/]: Gyrodyne (vehicle of Santix15) moved too quickly! -5.117311504051315,0.8542678638842034,-8.66446197046912
[24May2025 01:07:23.632] [Server thread/WARN] [net.minecraft.server.network.ServerGamePacketListenerImpl/]: Gyrodyne (vehicle of Santix15) moved too quickly! -5.496822798294886,1.010677066641108,-9.036070643446237
[24May2025 01:07:23.632] [Server thread/WARN] [net.minecraft.server.network.ServerGamePacketListenerImpl/]: Gyrodyne (vehicle of Santix15) moved too quickly! -5.882735592920255,1.179866212136318,-9.405486741262166
[24May2025 01:07:23.632] [Server thread/WARN] [net.minecraft.server.network.ServerGamePacketListenerImpl/]: Gyrodyne (vehicle of Santix15) moved too quickly! -6.274408549283862,1.3612939492534792,-9.773198733337722
[24May2025 01:07:23.633] [Server thread/WARN] [net.minecraft.server.network.ServerGamePacketListenerImpl/]: Gyrodyne (vehicle of Santix15) moved too quickly! -6.671263952109371,1.554388759757316,-10.139637319664416
[24May2025 01:07:23.633] [Server thread/WARN] [net.minecraft.server.network.ServerGamePacketListenerImpl/]: Gyrodyne (vehicle of Santix15) moved too quickly! -7.072761449243387,1.7585616936250545,-10.505155437349686
[24May2025 01:07:23.726] [Server thread/WARN] [net.minecraft.server.network.ServerGamePacketListenerImpl/]: Gyrodyne (vehicle of Santix15) moved too quickly! 7.478439114003095,-1.9732166935458508,10.870078992421668
[24May2025 01:07:23.727] [Server thread/WARN] [net.minecraft.server.network.ServerGamePacketListenerImpl/]: Gyrodyne (vehicle of Santix15) moved too quickly! 7.478439114003095,-1.9732166935458508,10.870078992421668
[24May2025 01:07:23.727] [Server thread/WARN] [net.minecraft.server.network.ServerGamePacketListenerImpl/]: Gyrodyne (vehicle of Santix15) moved too quickly! 7.478439114003095,-1.9732166935458508,10.870078992421668
[24May2025 01:07:23.727] [Server thread/WARN] [net.minecraft.server.network.ServerGamePacketListenerImpl/]: Gyrodyne (vehicle of Santix15) moved too quickly! 7.478439114003095,-1.9732166935458508,10.870078992421668
[24May2025 01:07:23.972] [Server thread/WARN] [net.minecraft.server.network.ServerGamePacketListenerImpl/]: Gyrodyne (vehicle of Santix15) moved too quickly! 7.1156685631111145,-1.7486665231547107,10.47604847851494
[24May2025 01:07:23.973] [Server thread/WARN] [net.minecraft.server.network.ServerGamePacketListenerImpl/]: Gyrodyne (vehicle of Santix15) moved too quickly! 6.787929847947169,-1.5148114522499156,10.05859284339931
[24May2025 01:07:23.973] [Server thread/WARN] [net.minecraft.server.network.ServerGamePacketListenerImpl/]: Gyrodyne (vehicle of Santix15) moved too quickly! 6.490958090044728,-1.2722526025331717,9.621310308655666
[24May2025 01:07:23.973] [Server thread/WARN] [net.minecraft.server.network.ServerGamePacketListenerImpl/]: Gyrodyne (vehicle of Santix15) moved too quickly! 6.221827696309219,-1.021652210465831,9.166896758943494
[24May2025 01:07:23.974] [Server thread/WARN] [net.minecraft.server.network.ServerGamePacketListenerImpl/]: Gyrodyne (vehicle of Santix15) moved too quickly! 5.978616522572224,-0.7636906373835188,8.697420805405272
[24May2025 01:07:26.461] [Server thread/WARN] [net.minecraft.server.network.ServerGamePacketListenerImpl/]: Gyrodyne (vehicle of Santix15) moved too quickly! 8.615709903937045,-9.924164693662533,15.287321713918345
[24May2025 01:07:26.461] [Server thread/WARN] [net.minecraft.server.network.ServerGamePacketListenerImpl/]: Gyrodyne (vehicle of Santix15) moved too quickly! 8.615709903937045,-9.924164693662533,15.287321713918345
[24May2025 01:07:26.461] [Server thread/WARN] [net.minecraft.server.network.ServerGamePacketListenerImpl/]: Gyrodyne (vehicle of Santix15) moved too quickly! 8.615709903937045,-9.924164693662533,15.287321713918345
[24May2025 01:07:26.461] [Server thread/WARN] [net.minecraft.server.network.ServerGamePacketListenerImpl/]: Gyrodyne (vehicle of Santix15) moved too quickly! 8.615709903937045,-9.924164693662533,15.287321713918345
[24May2025 01:07:26.461] [Server thread/WARN] [net.minecraft.server.network.ServerGamePacketListenerImpl/]: Gyrodyne (vehicle of Santix15) moved too quickly! 8.615709903937045,-9.924164693662533,15.287321713918345
[24May2025 01:07:26.512] [Server thread/WARN] [net.minecraft.server.network.ServerGamePacketListenerImpl/]: Gyrodyne (vehicle of Santix15) moved too quickly! 8.401029182467312,-9.596281081477514,15.01244341905408
[24May2025 01:07:26.512] [Server thread/WARN] [net.minecraft.server.network.ServerGamePacketListenerImpl/]: Gyrodyne (vehicle of Santix15) moved too quickly! 8.163299686322887,-9.266639355389856,14.735116418926282
[24May2025 01:07:26.513] [Server thread/WARN] [net.minecraft.server.network.ServerGamePacketListenerImpl/]: Gyrodyne (vehicle of Santix15) moved too quickly! 7.905733795292633,-8.935361877056451,14.455371337002134
[24May2025 01:07:26.563] [Server thread/WARN] [net.minecraft.server.network.ServerGamePacketListenerImpl/]: Gyrodyne (vehicle of Santix15) moved too quickly! 7.63078514559362,-8.602570151150331,14.173079067993513
[24May2025 01:07:26.613] [Server thread/WARN] [net.minecraft.server.network.ServerGamePacketListenerImpl/]: Gyrodyne (vehicle of Santix15) moved too quickly! 7.34036346970214,-8.268381886516707,13.888053770061333
[24May2025 01:07:26.659] [Server thread/WARN] [net.minecraft.server.network.ServerGamePacketListenerImpl/]: Gyrodyne (vehicle of Santix15) moved too quickly! 7.035973197755538,-7.932909277506965,13.600091807378249
[24May2025 01:07:26.814] [Server thread/WARN] [net.minecraft.server.network.ServerGamePacketListenerImpl/]: Gyrodyne (vehicle of Santix15) moved too quickly! 6.718873981846002,-7.596258068977164,13.309048203429029
[24May2025 01:07:26.815] [Server thread/WARN] [net.minecraft.server.network.ServerGamePacketListenerImpl/]: Gyrodyne (vehicle of Santix15) moved too quickly! 6.3900962005103565,-7.258527111114091,13.014808501961625
[24May2025 01:08:00.194] [Netty Epoll Server IO #0/WARN] [com.connectivity.Connectivity/]: Packet:ServerboundBlockEntityTagQuery  id 1 larger than expected error detected, printing packet and buffer. Stacktrace gets logged after this
[24May2025 01:08:00.194] [Netty Epoll Server IO #0/WARN] [com.connectivity.Connectivity/]: Packet data:
{
  "f_133798_": 1,
  "f_133799_": "BlockPos{x=2622464, y=769, z=1073200}"
}
[24May2025 01:08:00.194] [Netty Epoll Server IO #0/WARN] [com.connectivity.Connectivity/]: Packet:PooledUnsafeDirectByteBuf  id 1 data of 11 extra bytes: 
[24May2025 01:08:00.194] [Netty Epoll Server IO #0/WARN] [com.connectivity.Connectivity/]: Packet data:
[
  "<partial numeric data>",
  "[-58, 23, -99, 60, 0, -112, 61, 127, -58, 36, -100]"
]
[24May2025 01:08:01.364] [Netty Epoll Server IO #1/WARN] [com.connectivity.Connectivity/]: Packet:ServerboundBlockEntityTagQuery  id 1 larger than expected error detected, printing packet and buffer. Stacktrace gets logged after this
[24May2025 01:08:01.365] [Netty Epoll Server IO #1/WARN] [com.connectivity.Connectivity/]: Packet data:
{
  "f_133798_": 1,
  "f_133799_": "BlockPos{x=2622464, y=837, z=1073200}"
}
[24May2025 01:08:01.365] [Netty Epoll Server IO #1/WARN] [com.connectivity.Connectivity/]: Packet:PooledUnsafeDirectByteBuf  id 1 data of 11 extra bytes: 
[24May2025 01:08:01.365] [Netty Epoll Server IO #1/WARN] [com.connectivity.Connectivity/]: Packet data:
[
  "<partial numeric data>",
  "[58, -79, -17, -83, 44, 60, -117, 48, -13, -124, -64]"
]
[24May2025 01:08:01.366] [Netty Epoll Server IO #3/WARN] [com.connectivity.Connectivity/]: Packet:ServerboundBlockEntityTagQuery  id 1 larger than expected error detected, printing packet and buffer. Stacktrace gets logged after this
[24May2025 01:08:01.367] [Netty Epoll Server IO #3/WARN] [com.connectivity.Connectivity/]: Packet data:
{
  "f_133798_": 1,
  "f_133799_": "BlockPos{x=2622464, y=972, z=1073200}"
}
[24May2025 01:08:01.367] [Netty Epoll Server IO #3/WARN] [com.connectivity.Connectivity/]: Packet:PooledUnsafeDirectByteBuf  id 1 data of 11 extra bytes: 
[24May2025 01:08:01.367] [Netty Epoll Server IO #3/WARN] [com.connectivity.Connectivity/]: Packet data:
[
  "<partial numeric data>",
  "[-84, -43, -81, 79, -96, -56, 16, 27, -30, -70, -66]"
]
[24May2025 01:08:01.367] [Netty Epoll Server IO #2/WARN] [com.connectivity.Connectivity/]: Packet:ServerboundBlockEntityTagQuery  id 1 larger than expected error detected, printing packet and buffer. Stacktrace gets logged after this
[24May2025 01:08:01.368] [Netty Epoll Server IO #2/WARN] [com.connectivity.Connectivity/]: Packet data:
{
  "f_133798_": 1,
  "f_133799_": "BlockPos{x=2622464, y=944, z=1073200}"
}
[24May2025 01:08:01.368] [Netty Epoll Server IO #2/WARN] [com.connectivity.Connectivity/]: Packet:PooledUnsafeDirectByteBuf  id 1 data of 11 extra bytes: 
[24May2025 01:08:01.368] [Netty Epoll Server IO #2/WARN] [com.connectivity.Connectivity/]: Packet data:
[
  "<partial numeric data>",
  "[36, -84, -115, -116, 80, -89, -75, -116, 2, -121, 19]"
]
[24May2025 01:08:01.483] [Netty Epoll Server IO #4/WARN] [com.connectivity.Connectivity/]: Packet:ServerboundBlockEntityTagQuery  id 1 larger than expected error detected, printing packet and buffer. Stacktrace gets logged after this
[24May2025 01:08:01.484] [Netty Epoll Server IO #4/WARN] [com.connectivity.Connectivity/]: Packet data:
{
  "f_133798_": 1,
  "f_133799_": "BlockPos{x=2622464, y=862, z=1073200}"
}
[24May2025 01:08:01.484] [Netty Epoll Server IO #4/WARN] [com.connectivity.Connectivity/]: Packet:PooledUnsafeDirectByteBuf  id 1 data of 11 extra bytes: 
[24May2025 01:08:01.484] [Netty Epoll Server IO #4/WARN] [com.connectivity.Connectivity/]: Packet data:
[
  "<partial numeric data>",
  "[-11, -118, -95, -17, -47, -76, 67, -118, -65, 79, 82]"
]
[24May2025 01:08:01.671] [Netty Epoll Server IO #5/WARN] [com.connectivity.Connectivity/]: Packet:ServerboundBlockEntityTagQuery  id 1 larger than expected error detected, printing packet and buffer. Stacktrace gets logged after this
[24May2025 01:08:01.671] [Netty Epoll Server IO #5/WARN] [com.connectivity.Connectivity/]: Packet data:
{
  "f_133798_": 1,
  "f_133799_": "BlockPos{x=2622464, y=927, z=1073200}"
}
[24May2025 01:08:01.672] [Netty Epoll Server IO #5/WARN] [com.connectivity.Connectivity/]: Packet:PooledUnsafeDirectByteBuf  id 1 data of 11 extra bytes: 
[24May2025 01:08:01.672] [Netty Epoll Server IO #5/WARN] [com.connectivity.Connectivity/]: Packet data:
[
  "<partial numeric data>",
  "[-38, 50, 38, -3, -78, -125, 54, 14, 125, 18, 0]"
]
[24May2025 01:08:02.584] [Netty Epoll Server IO #6/WARN] [com.connectivity.Connectivity/]: Packet:ServerboundBlockEntityTagQuery  id 1 larger than expected error detected, printing packet and buffer. Stacktrace gets logged after this
[24May2025 01:08:02.585] [Netty Epoll Server IO #6/WARN] [com.connectivity.Connectivity/]: Packet data:
{
  "f_133798_": 1,
  "f_133799_": "BlockPos{x=2622464, y=890, z=1073200}"
}
[24May2025 01:08:02.585] [Netty Epoll Server IO #6/WARN] [com.connectivity.Connectivity/]: Packet:PooledUnsafeDirectByteBuf  id 1 data of 11 extra bytes: 
[24May2025 01:08:02.585] [Netty Epoll Server IO #6/WARN] [com.connectivity.Connectivity/]: Packet data:
[
  "<partial numeric data>",
  "[57, 120, 52, 81, -38, 123, 121, -29, 13, -15, -52]"
]
[24May2025 01:08:02.830] [Netty Epoll Server IO #7/WARN] [com.connectivity.Connectivity/]: Packet:ServerboundBlockEntityTagQuery  id 1 larger than expected error detected, printing packet and buffer. Stacktrace gets logged after this
[24May2025 01:08:02.830] [Netty Epoll Server IO #7/WARN] [com.connectivity.Connectivity/]: Packet data:
{
  "f_133798_": 1,
  "f_133799_": "BlockPos{x=2622464, y=820, z=1073200}"
}
[24May2025 01:08:02.831] [Netty Epoll Server IO #7/WARN] [com.connectivity.Connectivity/]: Packet:PooledUnsafeDirectByteBuf  id 1 data of 11 extra bytes: 
[24May2025 01:08:02.831] [Netty Epoll Server IO #7/WARN] [com.connectivity.Connectivity/]: Packet data:
[
  "<partial numeric data>",
  "[12, -119, -64, 79, 66, 14, 68, -128, 75, 35, 14]"
]
[24May2025 01:08:02.892] [Netty Epoll Server IO #0/WARN] [com.connectivity.Connectivity/]: Packet:ServerboundBlockEntityTagQuery  id 1 larger than expected error detected, printing packet and buffer. Stacktrace gets logged after this
[24May2025 01:08:02.893] [Netty Epoll Server IO #0/WARN] [com.connectivity.Connectivity/]: Packet data:
{
  "f_133798_": 1,
  "f_133799_": "BlockPos{x=2622464, y=859, z=1073200}"
}
[24May2025 01:08:02.893] [Netty Epoll Server IO #0/WARN] [com.connectivity.Connectivity/]: Packet:PooledUnsafeDirectByteBuf  id 1 data of 11 extra bytes: 
[24May2025 01:08:02.893] [Netty Epoll Server IO #0/WARN] [com.connectivity.Connectivity/]: Packet data:
[
  "<partial numeric data>",
  "[5, -106, -71, -104, -29, -13, 102, -94, 13, 88, 102]"
]
[24May2025 01:08:02.978] [Netty Epoll Server IO #1/WARN] [com.connectivity.Connectivity/]: Packet:ServerboundBlockEntityTagQuery  id 1 larger than expected error detected, printing packet and buffer. Stacktrace gets logged after this
[24May2025 01:08:02.979] [Netty Epoll Server IO #1/WARN] [com.connectivity.Connectivity/]: Packet data:
{
  "f_133798_": 1,
  "f_133799_": "BlockPos{x=2622464, y=859, z=1073200}"
}
[24May2025 01:08:02.979] [Netty Epoll Server IO #1/WARN] [com.connectivity.Connectivity/]: Packet:PooledUnsafeDirectByteBuf  id 1 data of 11 extra bytes: 
[24May2025 01:08:02.979] [Netty Epoll Server IO #1/WARN] [com.connectivity.Connectivity/]: Packet data:
[
  "<partial numeric data>",
  "[101, -33, -89, -44, -82, -79, 85, 103, 32, 82, 85]"
]
[24May2025 01:08:03.406] [Netty Epoll Server IO #2/WARN] [com.connectivity.Connectivity/]: Packet:ServerboundBlockEntityTagQuery  id 1 larger than expected error detected, printing packet and buffer. Stacktrace gets logged after this
[24May2025 01:08:03.406] [Netty Epoll Server IO #2/WARN] [com.connectivity.Connectivity/]: Packet data:
{
  "f_133798_": 1,
  "f_133799_": "BlockPos{x=5768192, y=835, z=1122352}"
}
[24May2025 01:08:03.406] [Netty Epoll Server IO #2/WARN] [com.connectivity.Connectivity/]: Packet:PooledUnsafeDirectByteBuf  id 1 data of 11 extra bytes: 
[24May2025 01:08:03.407] [Netty Epoll Server IO #2/WARN] [com.connectivity.Connectivity/]: Packet data:
[
  "<partial numeric data>",
  "[41, 124, 35, 124, -114, 59, 20, -100, -26, 68, -53]"
]
[24May2025 01:08:03.742] [Netty Epoll Server IO #3/WARN] [com.connectivity.Connectivity/]: Packet:ServerboundBlockEntityTagQuery  id 1 larger than expected error detected, printing packet and buffer. Stacktrace gets logged after this
[24May2025 01:08:03.743] [Netty Epoll Server IO #3/WARN] [com.connectivity.Connectivity/]: Packet data:
{
  "f_133798_": 0,
  "f_133799_": "BlockPos{x=-8125440, y=954, z=905264}"
}
[24May2025 01:08:03.743] [Netty Epoll Server IO #3/WARN] [com.connectivity.Connectivity/]: Packet:PooledUnsafeDirectByteBuf  id 1 data of 11 extra bytes: 
[24May2025 01:08:03.743] [Netty Epoll Server IO #3/WARN] [com.connectivity.Connectivity/]: Packet data:
[
  "<partial numeric data>",
  "[-33, -96, -30, -98, -96, 93, 24, -33, -83, -6, 77]"
]
[24May2025 01:08:04.381] [Netty Epoll Server IO #5/WARN] [com.connectivity.Connectivity/]: Packet:ServerboundBlockEntityTagQuery  id 1 larger than expected error detected, printing packet and buffer. Stacktrace gets logged after this
[24May2025 01:08:04.382] [Netty Epoll Server IO #5/WARN] [com.connectivity.Connectivity/]: Packet data:
{
  "f_133798_": 0,
  "f_133799_": "BlockPos{x=-11271168, y=784, z=856112}"
}
[24May2025 01:08:04.382] [Netty Epoll Server IO #5/WARN] [com.connectivity.Connectivity/]: Packet:PooledUnsafeDirectByteBuf  id 1 data of 11 extra bytes: 
[24May2025 01:08:04.382] [Netty Epoll Server IO #5/WARN] [com.connectivity.Connectivity/]: Packet data:
[
  "<partial numeric data>",
  "[-119, 17, -62, -65, 9, -79, -36, -19, -89, -40, -14]"
]
[24May2025 01:08:18.030] [Server thread/WARN] [net.minecraft.server.network.ServerGamePacketListenerImpl/]: Santix15 moved wrongly!
[24May2025 01:10:11.102] [Server thread/WARN] [net.minecraft.world.level.storage.loot.functions.SetItemDamageFunction/]: Couldn't set damage of loot item 0 air
[24May2025 01:10:11.103] [Server thread/WARN] [net.minecraft.world.level.storage.loot.functions.SetItemDamageFunction/]: Couldn't set damage of loot item 0 air
[24May2025 01:10:22.832] [Server thread/WARN] [net.minecraft.server.network.ServerGamePacketListenerImpl/]: Santix15 moved wrongly!
[24May2025 01:10:30.501] [Server thread/WARN] [net.minecraft.server.network.ServerGamePacketListenerImpl/]: Santix15 moved wrongly!
[24May2025 01:13:27.562] [Server thread/WARN] [net.minecraft.server.network.ServerGamePacketListenerImpl/]: lobo3224 moved wrongly!
[24May2025 01:13:50.307] [Server thread/INFO] [net.minecraft.server.MinecraftServer/]: <lobo3224> que haces aca
[24May2025 01:14:00.555] [Server thread/INFO] [net.minecraft.server.MinecraftServer/]: <YOUNGDINO07> nada
[24May2025 01:14:14.931] [Server thread/INFO] [net.minecraft.server.MinecraftServer/]: <lobo3224> porque estabas cerca
[24May2025 01:14:31.367] [Server thread/INFO] [net.minecraft.server.MinecraftServer/]: <lobo3224> responde
[24May2025 01:14:39.573] [Server thread/INFO] [net.minecraft.server.MinecraftServer/]: <YOUNGDINO07> estaba buscando mis cosas
[24May2025 01:15:30.027] [Server thread/WARN] [net.minecraft.server.network.ServerGamePacketListenerImpl/]: lobo3224 moved wrongly!
[24May2025 01:15:39.859] [Server thread/INFO] [net.minecraft.server.network.ServerGamePacketListenerImpl/]: lobo3224 lost connection: Disconnected
[24May2025 01:15:39.860] [Server thread/INFO] [net.minecraft.server.MinecraftServer/]: lobo3224 left the game
[24May2025 01:15:39.860] [Server thread/INFO] [voicechat/]: [voicechat] Disconnecting client lobo3224
[24May2025 01:18:02.352] [Server thread/INFO] [net.minecraft.server.MinecraftServer/]: YOUNGDINO07 fell from a high place
[24May2025 01:18:35.721] [Server thread/INFO] [net.minecraft.server.MinecraftServer/]: YOUNGDINO07 fell from a high place
